<?xml version="1.0" encoding="UTF-8"?>
<!-- Generated by org.testng.reporters.JUnitReportReporter -->
<testsuite hostname="IN-HGSM2J3" failures="0" tests="1" name="com.CucumberAgain.Runner.TestRunner" time="0.000" errors="0" timestamp="16 Apr 2022 12:24:42 GMT" skipped="1">
  <testcase classname="com.CucumberAgain.Runner.TestRunner" name="feature" time="0.000">
    <skipped/>
  </testcase> <!-- feature -->
</testsuite> <!-- com.CucumberAgain.Runner.TestRunner -->
